<?xml version="1.0" encoding="UTF-8"?>
<testng-results ignored="0" total="2" passed="2" failed="0" skipped="0">
  <reporter-output>
  </reporter-output>
  <suite started-at="2025-02-17T07:59:47 IST" name="Suite" finished-at="2025-02-17T07:59:59 IST" duration-ms="11141">
    <groups>
      <group name="Master">
        <method signature="TC001_Account_Registeration.verify_acc_reg()[pri:0, instance:testCases.TC001_Account_Registeration@26ceffa8]" name="verify_acc_reg" class="testCases.TC001_Account_Registeration"/>
        <method signature="TC002_LoginTest.verify_login()[pri:0, instance:testCases.TC002_LoginTest@78d6692f]" name="verify_login" class="testCases.TC002_LoginTest"/>
      </group> <!-- Master -->
      <group name="Sanity">
        <method signature="TC002_LoginTest.verify_login()[pri:0, instance:testCases.TC002_LoginTest@78d6692f]" name="verify_login" class="testCases.TC002_LoginTest"/>
      </group> <!-- Sanity -->
      <group name="Regression">
        <method signature="TC001_Account_Registeration.verify_acc_reg()[pri:0, instance:testCases.TC001_Account_Registeration@26ceffa8]" name="verify_acc_reg" class="testCases.TC001_Account_Registeration"/>
      </group> <!-- Regression -->
    </groups>
    <test started-at="2025-02-17T07:59:47 IST" name="Test" finished-at="2025-02-17T07:59:59 IST" duration-ms="11141">
      <class name="testCases.TC002_LoginTest">
        <test-method is-config="true" signature="setup(java.lang.String,java.lang.String)[pri:0, instance:testCases.TC002_LoginTest@78d6692f]" started-at="2025-02-17T07:59:54 IST" name="setup" finished-at="2025-02-17T07:59:57 IST" duration-ms="3063" status="PASS">
          <params>
            <param index="0">
              <value>
                <![CDATA[windows]]>
              </value>
            </param>
            <param index="1">
              <value>
                <![CDATA[chrome]]>
              </value>
            </param>
          </params>
          <reporter-output>
          </reporter-output>
        </test-method> <!-- setup -->
        <test-method signature="verify_login()[pri:0, instance:testCases.TC002_LoginTest@78d6692f]" started-at="2025-02-17T07:59:57 IST" name="verify_login" finished-at="2025-02-17T07:59:58 IST" duration-ms="1597" status="PASS">
          <reporter-output>
          </reporter-output>
        </test-method> <!-- verify_login -->
        <test-method is-config="true" signature="teardown()[pri:0, instance:testCases.TC002_LoginTest@78d6692f]" started-at="2025-02-17T07:59:58 IST" name="teardown" finished-at="2025-02-17T07:59:59 IST" duration-ms="194" status="PASS">
          <reporter-output>
          </reporter-output>
        </test-method> <!-- teardown -->
      </class> <!-- testCases.TC002_LoginTest -->
      <class name="testCases.TC001_Account_Registeration">
        <test-method is-config="true" signature="setup(java.lang.String,java.lang.String)[pri:0, instance:testCases.TC001_Account_Registeration@26ceffa8]" started-at="2025-02-17T07:59:48 IST" name="setup" finished-at="2025-02-17T07:59:51 IST" duration-ms="3689" status="PASS">
          <params>
            <param index="0">
              <value>
                <![CDATA[windows]]>
              </value>
            </param>
            <param index="1">
              <value>
                <![CDATA[chrome]]>
              </value>
            </param>
          </params>
          <reporter-output>
          </reporter-output>
        </test-method> <!-- setup -->
        <test-method signature="verify_acc_reg()[pri:0, instance:testCases.TC001_Account_Registeration@26ceffa8]" started-at="2025-02-17T07:59:51 IST" name="verify_acc_reg" finished-at="2025-02-17T07:59:54 IST" duration-ms="2321" status="PASS">
          <reporter-output>
          </reporter-output>
        </test-method> <!-- verify_acc_reg -->
        <test-method is-config="true" signature="teardown()[pri:0, instance:testCases.TC001_Account_Registeration@26ceffa8]" started-at="2025-02-17T07:59:54 IST" name="teardown" finished-at="2025-02-17T07:59:54 IST" duration-ms="232" status="PASS">
          <reporter-output>
          </reporter-output>
        </test-method> <!-- teardown -->
      </class> <!-- testCases.TC001_Account_Registeration -->
    </test> <!-- Test -->
  </suite> <!-- Suite -->
</testng-results>
